[08:53:52] [main/INFO] (FabricLoader/GameProvider) Loading Minecraft 1.21.8 with Fabric Loader 0.18.6
[08:53:53] [main/INFO] (FabricLoader) Loading 50 mods:
	- fabric-api 0.136.1+1.21.8
	- fabric-api-base 0.5.0+cd8c0daa2c
	- fabric-api-lookup-api-v1 1.6.101+946bf4c32c
	- fabric-biome-api-v1 16.1.0+c21d71cc2c
	- fabric-block-api-v1 1.1.3+946bf4c32c
	- fabric-block-view-api-v2 1.0.31+946bf4c32c
	- fabric-client-gametest-api-v1 4.2.5+8a98c3fc2c
	- fabric-command-api-v2 2.3.1+52fff9ec2c
	- fabric-content-registries-v0 10.1.0+c75de69d2c
	- fabric-convention-tags-v1 2.1.41+7f945d5b2c
	- fabric-convention-tags-v2 2.15.6+eb5df52f2c
	- fabric-crash-report-info-v1 0.3.15+946bf4c32c
	- fabric-data-attachment-api-v1 1.8.14+97214db32c
	- fabric-data-generation-api-v1 23.2.8+2e1c6d322c
	- fabric-dimensions-v1 4.0.20+948fc79a2c
	- fabric-entity-events-v1 2.1.2+c9e472732c
	- fabric-events-interaction-v0 4.0.26+946bf4c32c
	- fabric-game-rule-api-v1 1.0.73+c64c9c5b2c
	- fabric-gametest-api-v1 3.1.10+39ce47f52c
	- fabric-item-api-v1 11.5.0+02ce13f42c
	- fabric-item-group-api-v1 4.2.14+c5f9bbc12c
	- fabric-key-binding-api-v1 1.0.65+946bf4c32c
	- fabric-lifecycle-events-v1 2.6.4+db4dfd852c
	- fabric-loot-api-v2 3.0.56+3f89f5a52c
	- fabric-loot-api-v3 2.0.3+946bf4c32c
	- fabric-message-api-v1 6.1.2+946bf4c32c
	- fabric-model-loading-api-v1 5.2.8+946bf4c32c
	- fabric-networking-api-v1 5.1.0+57cb96dd2c
	- fabric-object-builder-api-v1 21.1.10+946bf4c32c
	- fabric-particles-v1 4.1.10+946bf4c32c
	- fabric-recipe-api-v1 8.1.17+946bf4c32c
	- fabric-registry-sync-v0 6.1.30+946bf4c32c
	- fabric-renderer-api-v1 7.0.5+208eed172c
	- fabric-renderer-indigo 4.0.5+946bf4c32c
	- fabric-rendering-fluids-v1 3.1.31+fa6cb72b2c
	- fabric-rendering-v1 12.6.0+486b7ff72c
	- fabric-resource-conditions-api-v1 5.0.25+98e6d6db2c
	- fabric-resource-loader-v0 3.1.12+020423442c
	- fabric-screen-api-v1 2.2.0+e0cb65d02c
	- fabric-screen-handler-api-v1 1.3.139+946bf4c32c
	- fabric-serialization-api-v1 1.0.0+fc0e5aba2c
	- fabric-sound-api-v1 1.0.42+946bf4c32c
	- fabric-tag-api-v1 1.2.2+946bf4c32c
	- fabric-transfer-api-v1 6.0.6+946bf4c32c
	- fabric-transitive-access-wideners-v1 6.5.0+c847ce762c
	- fabricloader 0.18.6
	- java 21
	- minecraft 1.21.8
	- mixinextras 0.5.3
	- ti 1.0.0
[08:53:53] [main/INFO] (FabricLoader/Mixin) SpongePowered MIXIN Subsystem Version=0.8.7 Source=file:/C:/Users/porpo/.mcreator/gradle/caches/modules-2/files-2.1/net.fabricmc/sponge-mixin/0.17.0+mixin.0.8.7/cf31463202f72d03b0ef1e1e38e8ee71b7faaab6/sponge-mixin-0.17.0+mixin.0.8.7.jar Service=Knot/Fabric Env=CLIENT
[08:53:53] [main/INFO] (FabricLoader/Mixin) Loaded Fabric development mappings for mixin remapper!
[08:53:53] [main/INFO] (FabricLoader/Mixin) Compatibility level set to JAVA_21
[08:53:56] [main/INFO] (FabricLoader/MixinExtras|Service) Initializing MixinExtras via com.llamalad7.mixinextras.service.MixinExtrasServiceImpl(version=0.5.3).
[08:53:59] [Datafixer Bootstrap/INFO] (Minecraft) 269 Datafixer optimizations took 1966 milliseconds
[08:54:07] [Render thread/INFO] (Minecraft) Environment: Environment[sessionHost=https://sessionserver.mojang.com, servicesHost=https://api.minecraftservices.com, name=PROD]
[08:54:07] [Render thread/INFO] (Minecraft) Setting user: Player213
[08:54:07] [Render thread/INFO] (TiMod) Initializing TiMod
[08:54:07] [Render thread/INFO] (Indigo) [Indigo] Registering Indigo renderer!
[08:54:08] [Render thread/INFO] (Minecraft) Backend library: LWJGL version 3.3.3-snapshot
[08:54:08] [Render thread/INFO] (Minecraft) Using optional rendering extensions: GL_ARB_buffer_storage, GL_KHR_debug, GL_ARB_vertex_attrib_binding, GL_ARB_direct_state_access
[08:54:09] [Render thread/INFO] (Minecraft) Reloading ResourceManager: vanilla, fabric, fabric-api, fabric-api-base, fabric-api-lookup-api-v1, fabric-biome-api-v1, fabric-block-api-v1, fabric-block-view-api-v2, fabric-client-gametest-api-v1, fabric-command-api-v2, fabric-content-registries-v0, fabric-convention-tags-v1, fabric-convention-tags-v2, fabric-crash-report-info-v1, fabric-data-attachment-api-v1, fabric-data-generation-api-v1, fabric-dimensions-v1, fabric-entity-events-v1, fabric-events-interaction-v0, fabric-game-rule-api-v1, fabric-gametest-api-v1, fabric-item-api-v1, fabric-item-group-api-v1, fabric-key-binding-api-v1, fabric-lifecycle-events-v1, fabric-loot-api-v2, fabric-loot-api-v3, fabric-message-api-v1, fabric-model-loading-api-v1, fabric-networking-api-v1, fabric-object-builder-api-v1, fabric-particles-v1, fabric-recipe-api-v1, fabric-registry-sync-v0, fabric-renderer-api-v1, fabric-renderer-indigo, fabric-rendering-fluids-v1, fabric-rendering-v1, fabric-resource-conditions-api-v1, fabric-resource-loader-v0, fabric-screen-api-v1, fabric-screen-handler-api-v1, fabric-serialization-api-v1, fabric-sound-api-v1, fabric-tag-api-v1, fabric-transfer-api-v1, fabric-transitive-access-wideners-v1, fabricloader, ti
[08:54:10] [Worker-Main-3/INFO] (Minecraft) Found unifont_all_no_pua-16.0.03.hex, loading
[08:54:10] [Worker-Main-2/INFO] (Minecraft) Found unifont_pua-16.0.03.hex, loading
[08:54:10] [Worker-Main-3/INFO] (Minecraft) Found unifont_jp_patch-16.0.03.hex, loading
[08:54:14] [Render thread/INFO] (Minecraft) OpenAL initialized on device OpenAL Soft on Динамики (2- High Definition Audio Device)
[08:54:14] [Render thread/INFO] (Minecraft) Sound engine started
[08:54:14] [Render thread/INFO] (Minecraft) Created: 1024x512x4 minecraft:textures/atlas/blocks.png-atlas
[08:54:16] [Render thread/INFO] (Minecraft) Created: 256x256x4 minecraft:textures/atlas/signs.png-atlas
[08:54:16] [Render thread/INFO] (Minecraft) Created: 512x512x4 minecraft:textures/atlas/banner_patterns.png-atlas
[08:54:16] [Render thread/INFO] (Minecraft) Created: 512x512x4 minecraft:textures/atlas/shield_patterns.png-atlas
[08:54:16] [Render thread/INFO] (Minecraft) Created: 2048x1024x4 minecraft:textures/atlas/armor_trims.png-atlas
[08:54:18] [Render thread/INFO] (Minecraft) Created: 256x256x4 minecraft:textures/atlas/chest.png-atlas
[08:54:18] [Render thread/INFO] (Minecraft) Created: 128x64x4 minecraft:textures/atlas/decorated_pot.png-atlas
[08:54:18] [Render thread/INFO] (Minecraft) Created: 512x256x4 minecraft:textures/atlas/shulker_boxes.png-atlas
[08:54:18] [Render thread/INFO] (Minecraft) Created: 512x256x4 minecraft:textures/atlas/beds.png-atlas
[08:54:18] [Render thread/INFO] (Minecraft) Created: 64x64x0 minecraft:textures/atlas/map_decorations.png-atlas
[08:54:18] [Render thread/INFO] (Minecraft) Created: 512x256x0 minecraft:textures/atlas/particles.png-atlas
[08:54:18] [Render thread/INFO] (Minecraft) Created: 512x256x0 minecraft:textures/atlas/paintings.png-atlas
[08:54:18] [Render thread/INFO] (Minecraft) Created: 1024x512x0 minecraft:textures/atlas/gui.png-atlas
[08:54:25] [Render thread/INFO] (Minecraft) Loaded 1408 recipes
[08:54:25] [Render thread/INFO] (Minecraft) Loaded 1521 advancements
[08:54:32] [Render thread/INFO] (BiomeModificationImpl) Applied 0 biome modifications to 0 of 66 new biomes in 1.687 ms
[08:54:32] [Server thread/INFO] (Minecraft) Starting integrated minecraft server version 1.21.8
[08:54:32] [Server thread/INFO] (Minecraft) Generating keypair
[08:54:39] [Server thread/INFO] (Minecraft) Preparing start region for dimension minecraft:overworld
[08:54:39] [Render thread/INFO] (Minecraft) Preparing spawn area: 2%
[08:54:39] [Render thread/INFO] (Minecraft) Preparing spawn area: 2%
[08:54:40] [Render thread/INFO] (Minecraft) Preparing spawn area: 2%
[08:54:40] [Render thread/INFO] (Minecraft) Preparing spawn area: 2%
[08:54:41] [Render thread/INFO] (Minecraft) Preparing spawn area: 18%
[08:54:41] [Render thread/INFO] (Minecraft) Preparing spawn area: 18%
[08:54:42] [Render thread/INFO] (Minecraft) Preparing spawn area: 18%
[08:54:43] [Render thread/INFO] (Minecraft) Preparing spawn area: 18%
[08:54:43] [Render thread/INFO] (Minecraft) Preparing spawn area: 48%
[08:54:44] [Render thread/INFO] (Minecraft) Preparing spawn area: 51%
[08:54:44] [Render thread/INFO] (Minecraft) Preparing spawn area: 51%
[08:54:45] [Render thread/INFO] (Minecraft) Preparing spawn area: 51%
[08:54:45] [Render thread/INFO] (Minecraft) Preparing spawn area: 51%
[08:54:45] [Render thread/INFO] (Minecraft) Time elapsed: 6326 ms
[08:54:45] [Server thread/INFO] (Minecraft) Changing view distance to 14, from 10
[08:54:45] [Server thread/INFO] (Minecraft) Changing simulation distance to 12, from 0
[08:54:47] [Server thread/INFO] (Minecraft) Player213[local:E:da570e9d] logged in with entity id 3 at (-1.5, 98.0, -3.5)
[08:54:47] [Server thread/INFO] (Minecraft) Player213 joined the game
[08:54:47] [Render thread/INFO] (Minecraft) Loaded 2 advancements
[08:54:48] [Render thread/INFO] (Minecraft) Resizing Dynamic Transforms UBO, capacity limit of 2 reached during a single frame. New capacity will be 4.
[08:54:48] [Render thread/INFO] (Minecraft) Resizing Dynamic Transforms UBO, capacity limit of 4 reached during a single frame. New capacity will be 8.
[08:54:48] [Render thread/INFO] (Minecraft) Resizing Dynamic Transforms UBO, capacity limit of 8 reached during a single frame. New capacity will be 16.
[08:54:48] [Render thread/INFO] (Minecraft) Resizing Dynamic Transforms UBO, capacity limit of 16 reached during a single frame. New capacity will be 32.
[08:54:49] [Render thread/INFO] (Minecraft) Resizing Dynamic Transforms UBO, capacity limit of 32 reached during a single frame. New capacity will be 64.
[08:54:55] [Render thread/INFO] (Minecraft) Resizing Dynamic Transforms UBO, capacity limit of 64 reached during a single frame. New capacity will be 128.
[08:55:02] [Render thread/INFO] (Minecraft) Resizing Dynamic Transforms UBO, capacity limit of 128 reached during a single frame. New capacity will be 256.
[08:55:03] [Server thread/INFO] (Minecraft) Locating element ti:t_1 took 0 ms
[08:55:03] [Render thread/INFO] (Minecraft) [System] [CHAT] The nearest ti:t_1 is at [-64, ~, -80] (98 blocks away)
[08:55:10] [Render thread/INFO] (Minecraft) Resizing Dynamic Transforms UBO, capacity limit of 256 reached during a single frame. New capacity will be 512.
[08:55:21] [Render thread/INFO] (Minecraft) Resizing Dynamic Transforms UBO, capacity limit of 512 reached during a single frame. New capacity will be 1024.
[08:56:07] [Render thread/INFO] (Minecraft) Resizing Dynamic Transforms UBO, capacity limit of 1024 reached during a single frame. New capacity will be 2048.
[08:56:15] [Server thread/INFO] (Minecraft) [Player213: Set own game mode to Survival Mode]
[08:56:15] [Render thread/INFO] (Minecraft) [System] [CHAT] Set own game mode to Survival Mode
[08:56:20] [Render thread/INFO] (Minecraft) Loaded 3 advancements
[08:56:35] [Server thread/INFO] (Minecraft) Saving and pausing game...
[08:56:35] [Server thread/INFO] (Minecraft) Saving chunks for level 'ServerLevel[New World]'/minecraft:overworld
[08:56:35] [Server thread/INFO] (Minecraft) Saving chunks for level 'ServerLevel[New World]'/minecraft:the_end
[08:56:35] [Server thread/INFO] (Minecraft) Saving chunks for level 'ServerLevel[New World]'/minecraft:the_nether
[08:56:37] [Server thread/INFO] (Minecraft) Saving and pausing game...
[08:56:37] [Server thread/INFO] (Minecraft) Saving chunks for level 'ServerLevel[New World]'/minecraft:overworld
[08:56:37] [Server thread/INFO] (Minecraft) Saving chunks for level 'ServerLevel[New World]'/minecraft:the_end
[08:56:37] [Server thread/INFO] (Minecraft) Saving chunks for level 'ServerLevel[New World]'/minecraft:the_nether
[08:56:40] [Server thread/INFO] (Minecraft) Player213 lost connection: Disconnected
[08:56:40] [Server thread/INFO] (Minecraft) Player213 left the game
[08:56:40] [Server thread/INFO] (Minecraft) Stopping singleplayer server as player logged out
[08:56:40] [Server thread/INFO] (Minecraft) Stopping server
[08:56:40] [Server thread/INFO] (Minecraft) Saving players
[08:56:40] [Server thread/INFO] (Minecraft) Saving worlds
[08:56:41] [Server thread/INFO] (Minecraft) Saving chunks for level 'ServerLevel[New World]'/minecraft:overworld
[08:56:43] [Server thread/INFO] (Minecraft) Saving chunks for level 'ServerLevel[New World]'/minecraft:the_end
[08:56:43] [Server thread/INFO] (Minecraft) Saving chunks for level 'ServerLevel[New World]'/minecraft:the_nether
[08:56:43] [Server thread/INFO] (Minecraft) ThreadedAnvilChunkStorage (New World): All chunks are saved
[08:56:43] [Server thread/INFO] (Minecraft) ThreadedAnvilChunkStorage (DIM1): All chunks are saved
[08:56:43] [Server thread/INFO] (Minecraft) ThreadedAnvilChunkStorage (DIM-1): All chunks are saved
[08:56:43] [Server thread/INFO] (Minecraft) ThreadedAnvilChunkStorage: All dimensions are saved
[08:56:51] [Render thread/INFO] (Minecraft) Loaded 1408 recipes
[08:56:51] [Render thread/INFO] (Minecraft) Loaded 1521 advancements
[08:56:55] [Render thread/INFO] (Minecraft) Deleting level New World
[08:56:55] [Render thread/INFO] (Minecraft) Attempt 1...
[08:56:56] [Render thread/INFO] (Minecraft) Loaded 1408 recipes
[08:56:56] [Render thread/INFO] (Minecraft) Loaded 1521 advancements
[08:56:58] [Render thread/INFO] (Minecraft) Stopping!
